Base path: /Applications/Unity_2018.2.18f1/Unity_ジブリール.app/Contents
Cmd: initializeCompiler
Cmd: compileComputeKernel
  api=14 insize=2059 outsize=789 ok=1
Cmd: translateComputeKernel
  api=14 insize=2129 outsize=3885 ok=1
Cmd: compileComputeKernel
  api=14 insize=2780 outsize=48933 ok=1
Cmd: translateComputeKernel
  api=14 insize=48553 outsize=85569 ok=1
Cmd: compileComputeKernel
  api=14 insize=5004 outsize=10953 ok=1
Cmd: translateComputeKernel
  api=14 insize=5397 outsize=7573 ok=1
Cmd: compileComputeKernel
  api=14 insize=9166 outsize=9621 ok=1
Cmd: compileComputeKernel
  api=14 insize=9166 outsize=9937 ok=1
Cmd: translateComputeKernel
  api=14 insize=9381 outsize=16149 ok=1
Cmd: compileComputeKernel
  api=14 insize=1470 outsize=1053 ok=1
Cmd: translateComputeKernel
  api=14 insize=1037 outsize=1069 ok=1
Cmd: translateComputeKernel
  api=14 insize=2001 outsize=3541 ok=1
Cmd: compileComputeKernel
  api=14 insize=1454 outsize=1193 ok=1
Cmd: compileComputeKernel
  api=14 insize=16784 outsize=6089 ok=1
Cmd: compileComputeKernel
  api=14 insize=16784 outsize=7481 ok=1
Cmd: compileComputeKernel
  api=14 insize=16784 outsize=6689 ok=1
Cmd: compileComputeKernel
  api=14 insize=16784 outsize=8081 ok=1
Cmd: compileComputeKernel
  api=14 insize=16784 outsize=8249 ok=1
Cmd: compileComputeKernel
  api=14 insize=16784 outsize=10437 ok=1
Cmd: compileComputeKernel
  api=14 insize=16784 outsize=10317 ok=1
Cmd: compileComputeKernel
  api=14 insize=16784 outsize=7541 ok=1
Cmd: compileComputeKernel
  api=14 insize=16784 outsize=8621 ok=1
Cmd: compileComputeKernel
  api=14 insize=16784 outsize=7829 ok=1
Cmd: compileComputeKernel
  api=14 insize=16784 outsize=9221 ok=1
Cmd: compileComputeKernel
  api=14 insize=16784 outsize=9265 ok=1
Cmd: compileComputeKernel
  api=14 insize=16784 outsize=11233 ok=1
Cmd: compileComputeKernel
  api=14 insize=16784 outsize=9821 ok=1
Cmd: compileComputeKernel
  api=14 insize=16784 outsize=11261 ok=1
Cmd: translateComputeKernel
  api=14 insize=6165 outsize=11025 ok=1
Cmd: translateComputeKernel
  api=14 insize=6861 outsize=12461 ok=1
Cmd: translateComputeKernel
  api=14 insize=7633 outsize=13973 ok=1
Cmd: translateComputeKernel
  api=14 insize=6729 outsize=11769 ok=1
Cmd: translateComputeKernel
  api=14 insize=8121 outsize=14609 ok=1
Cmd: translateComputeKernel
  api=14 insize=8285 outsize=14921 ok=1
Cmd: translateComputeKernel
  api=14 insize=9269 outsize=16937 ok=1
Cmd: translateComputeKernel
  api=14 insize=7897 outsize=14625 ok=1
Cmd: translateComputeKernel
  api=14 insize=9865 outsize=18689 ok=1
Cmd: translateComputeKernel
  api=14 insize=10849 outsize=20689 ok=1
Cmd: translateComputeKernel
  api=14 insize=7305 outsize=13553 ok=1
Cmd: translateComputeKernel
  api=14 insize=8697 outsize=16397 ok=1
Cmd: translateComputeKernel
  api=14 insize=7485 outsize=13545 ok=1
Cmd: translateComputeKernel
  api=14 insize=8565 outsize=15781 ok=1
Cmd: translateComputeKernel
  api=14 insize=9649 outsize=17797 ok=1
Cmd: translateComputeKernel
  api=14 insize=10285 outsize=19305 ok=1
Cmd: translateComputeKernel
  api=14 insize=11269 outsize=21305 ok=1
Cmd: translateComputeKernel
  api=14 insize=9897 outsize=19217 ok=1
Cmd: translateComputeKernel
  api=14 insize=11865 outsize=23233 ok=1
Cmd: initializeCompiler

Quitting shader compiler process
